Build started 4/13/2015 3:33:17 AM.
     1>Project "C:\ProgramData\Repositories\CastleCrusher\Bin\CastleCrusher\proj.win32\CastleCrusher.vcxproj" on node 2 (Build target(s)).
     1>PreLinkEvent:
         if not exist "C:\ProgramData\Repositories\CastleCrusher\Bin\CastleCrusher\proj.win32\Debug.win32\" mkdir "C:\ProgramData\Repositories\CastleCrusher\Bin\CastleCrusher\proj.win32\Debug.win32\"
         xcopy /Y /Q "C:\Cocos\frameworks\cocos2d-x-3.5\prebuilt\win32\*.*" "C:\ProgramData\Repositories\CastleCrusher\Bin\CastleCrusher\proj.win32\Debug.win32\"
         xcopy "C:\ProgramData\Repositories\CastleCrusher\Bin\CastleCrusher\proj.win32\..\Resources" "C:\ProgramData\Repositories\CastleCrusher\Bin\CastleCrusher\proj.win32\Debug.win32\" /D /E /I /F /Y
         
         :VCEnd
         51 File(s) copied
         C:\ProgramData\Repositories\CastleCrusher\Bin\CastleCrusher\Resources\res\hit.caf -> C:\ProgramData\Repositories\CastleCrusher\Bin\CastleCrusher\proj.win32\Debug.win32\res\hit.caf
         C:\ProgramData\Repositories\CastleCrusher\Bin\CastleCrusher\Resources\res\meta_tiles.png -> C:\ProgramData\Repositories\CastleCrusher\Bin\CastleCrusher\proj.win32\Debug.win32\res\meta_tiles.png
         C:\ProgramData\Repositories\CastleCrusher\Bin\CastleCrusher\Resources\res\move.caf -> C:\ProgramData\Repositories\CastleCrusher\Bin\CastleCrusher\proj.win32\Debug.win32\res\move.caf
         C:\ProgramData\Repositories\CastleCrusher\Bin\CastleCrusher\Resources\res\pickup.caf -> C:\ProgramData\Repositories\CastleCrusher\Bin\CastleCrusher\proj.win32\Debug.win32\res\pickup.caf
         C:\ProgramData\Repositories\CastleCrusher\Bin\CastleCrusher\Resources\res\Player.png -> C:\ProgramData\Repositories\CastleCrusher\Bin\CastleCrusher\proj.win32\Debug.win32\res\Player.png
         C:\ProgramData\Repositories\CastleCrusher\Bin\CastleCrusher\Resources\res\SirBrawnlyTemp.png -> C:\ProgramData\Repositories\CastleCrusher\Bin\CastleCrusher\proj.win32\Debug.win32\res\SirBrawnlyTemp.png
         C:\ProgramData\Repositories\CastleCrusher\Bin\CastleCrusher\Resources\res\SlimeTemp.gif -> C:\ProgramData\Repositories\CastleCrusher\Bin\CastleCrusher\proj.win32\Debug.win32\res\SlimeTemp.gif
         C:\ProgramData\Repositories\CastleCrusher\Bin\CastleCrusher\Resources\res\TileMap.caf -> C:\ProgramData\Repositories\CastleCrusher\Bin\CastleCrusher\proj.win32\Debug.win32\res\TileMap.caf
         C:\ProgramData\Repositories\CastleCrusher\Bin\CastleCrusher\Resources\res\TileMap.tmx -> C:\ProgramData\Repositories\CastleCrusher\Bin\CastleCrusher\proj.win32\Debug.win32\res\TileMap.tmx
         C:\ProgramData\Repositories\CastleCrusher\Bin\CastleCrusher\Resources\res\tmw_desert_spacing.png -> C:\ProgramData\Repositories\CastleCrusher\Bin\CastleCrusher\proj.win32\Debug.win32\res\tmw_desert_spacing.png
         C:\ProgramData\Repositories\CastleCrusher\Bin\CastleCrusher\Resources\res\Zone 1 Level 1.mp3 -> C:\ProgramData\Repositories\CastleCrusher\Bin\CastleCrusher\proj.win32\Debug.win32\res\Zone 1 Level 1.mp3
         11 File(s) copied
       Link:
         CastleCrusher.vcxproj -> C:\ProgramData\Repositories\CastleCrusher\Bin\CastleCrusher\proj.win32\Debug.win32\CastleCrusher.exe
     1>Done Building Project "C:\ProgramData\Repositories\CastleCrusher\Bin\CastleCrusher\proj.win32\CastleCrusher.vcxproj" (Build target(s)).

Build succeeded.

Time Elapsed 00:00:01.12
