C:\ProgramData\Repositories\CastleCrusher\Bin\CastleCrusher\proj.win32\Debug.win32\CastleCrusher.lib
C:\ProgramData\Repositories\CastleCrusher\Bin\CastleCrusher\proj.win32\Debug.win32\CastleCrusher.exp
C:\PROGRAMDATA\REPOSITORIES\CASTLECRUSHER\BIN\CASTLECRUSHER\PROJ.WIN32\DEBUG.WIN32\VC110.PDB
C:\PROGRAMDATA\REPOSITORIES\CASTLECRUSHER\BIN\CASTLECRUSHER\PROJ.WIN32\DEBUG.WIN32\LEVEL1.OBJ
C:\PROGRAMDATA\REPOSITORIES\CASTLECRUSHER\BIN\CASTLECRUSHER\PROJ.WIN32\DEBUG.WIN32\MAINMENU.OBJ
C:\PROGRAMDATA\REPOSITORIES\CASTLECRUSHER\BIN\CASTLECRUSHER\PROJ.WIN32\DEBUG.WIN32\ENEMIES.OBJ
C:\PROGRAMDATA\REPOSITORIES\CASTLECRUSHER\BIN\CASTLECRUSHER\PROJ.WIN32\DEBUG.WIN32\CASTLECRUSHER.ILK
C:\PROGRAMDATA\REPOSITORIES\CASTLECRUSHER\BIN\CASTLECRUSHER\PROJ.WIN32\DEBUG.WIN32\CASTLECRUSHER.EXE
C:\PROGRAMDATA\REPOSITORIES\CASTLECRUSHER\BIN\CASTLECRUSHER\PROJ.WIN32\DEBUG.WIN32\CASTLECRUSHER.PDB
C:\PROGRAMDATA\REPOSITORIES\CASTLECRUSHER\BIN\CASTLECRUSHER\PROJ.WIN32\DEBUG.WIN32\GAME.RES
C:\ProgramData\Repositories\CastleCrusher\Bin\CastleCrusher\proj.win32\Debug.win32\AppDelegate.obj
C:\ProgramData\Repositories\CastleCrusher\Bin\CastleCrusher\proj.win32\Debug.win32\Enemies.obj
C:\ProgramData\Repositories\CastleCrusher\Bin\CastleCrusher\proj.win32\Debug.win32\Level1.obj
C:\ProgramData\Repositories\CastleCrusher\Bin\CastleCrusher\proj.win32\Debug.win32\main.obj
C:\ProgramData\Repositories\CastleCrusher\Bin\CastleCrusher\proj.win32\Debug.win32\MainMenu.obj
C:\ProgramData\Repositories\CastleCrusher\Bin\CastleCrusher\proj.win32\Debug.win32\CastleCrusher.ilk
C:\ProgramData\Repositories\CastleCrusher\Bin\CastleCrusher\proj.win32\Debug.win32\CastleCrusher.write.1.tlog
C:\ProgramData\Repositories\CastleCrusher\Bin\CastleCrusher\proj.win32\Debug.win32\CL.36152.read.1.tlog
C:\ProgramData\Repositories\CastleCrusher\Bin\CastleCrusher\proj.win32\Debug.win32\CL.36152.write.1.tlog
C:\ProgramData\Repositories\CastleCrusher\Bin\CastleCrusher\proj.win32\Debug.win32\CL.36180.read.1.tlog
C:\ProgramData\Repositories\CastleCrusher\Bin\CastleCrusher\proj.win32\Debug.win32\CL.36180.write.1.tlog
C:\ProgramData\Repositories\CastleCrusher\Bin\CastleCrusher\proj.win32\Debug.win32\CL.38048.read.1.tlog
C:\ProgramData\Repositories\CastleCrusher\Bin\CastleCrusher\proj.win32\Debug.win32\CL.38048.write.1.tlog
C:\ProgramData\Repositories\CastleCrusher\Bin\CastleCrusher\proj.win32\Debug.win32\CL.38796.read.1.tlog
C:\ProgramData\Repositories\CastleCrusher\Bin\CastleCrusher\proj.win32\Debug.win32\CL.38796.write.1.tlog
C:\ProgramData\Repositories\CastleCrusher\Bin\CastleCrusher\proj.win32\Debug.win32\CL.38852.read.1.tlog
C:\ProgramData\Repositories\CastleCrusher\Bin\CastleCrusher\proj.win32\Debug.win32\CL.38852.write.1.tlog
C:\ProgramData\Repositories\CastleCrusher\Bin\CastleCrusher\proj.win32\Debug.win32\CL.39116.read.1.tlog
C:\ProgramData\Repositories\CastleCrusher\Bin\CastleCrusher\proj.win32\Debug.win32\CL.39116.write.1.tlog
C:\ProgramData\Repositories\CastleCrusher\Bin\CastleCrusher\proj.win32\Debug.win32\CL.39184.read.1.tlog
C:\ProgramData\Repositories\CastleCrusher\Bin\CastleCrusher\proj.win32\Debug.win32\CL.39184.write.1.tlog
C:\ProgramData\Repositories\CastleCrusher\Bin\CastleCrusher\proj.win32\Debug.win32\CL.39576.read.1.tlog
C:\ProgramData\Repositories\CastleCrusher\Bin\CastleCrusher\proj.win32\Debug.win32\CL.39576.write.1.tlog
C:\ProgramData\Repositories\CastleCrusher\Bin\CastleCrusher\proj.win32\Debug.win32\CL.40252.read.1.tlog
C:\ProgramData\Repositories\CastleCrusher\Bin\CastleCrusher\proj.win32\Debug.win32\CL.40252.write.1.tlog
C:\ProgramData\Repositories\CastleCrusher\Bin\CastleCrusher\proj.win32\Debug.win32\cl.command.1.tlog
C:\ProgramData\Repositories\CastleCrusher\Bin\CastleCrusher\proj.win32\Debug.win32\CL.read.1.tlog
C:\ProgramData\Repositories\CastleCrusher\Bin\CastleCrusher\proj.win32\Debug.win32\cl.write.1.tlog
C:\ProgramData\Repositories\CastleCrusher\Bin\CastleCrusher\proj.win32\Debug.win32\link-cvtres.read.1.tlog
C:\ProgramData\Repositories\CastleCrusher\Bin\CastleCrusher\proj.win32\Debug.win32\link-cvtres.write.1.tlog
C:\ProgramData\Repositories\CastleCrusher\Bin\CastleCrusher\proj.win32\Debug.win32\link-rc.read.1.tlog
C:\ProgramData\Repositories\CastleCrusher\Bin\CastleCrusher\proj.win32\Debug.win32\link-rc.write.1.tlog
C:\ProgramData\Repositories\CastleCrusher\Bin\CastleCrusher\proj.win32\Debug.win32\link.39812-cvtres.read.1.tlog
C:\ProgramData\Repositories\CastleCrusher\Bin\CastleCrusher\proj.win32\Debug.win32\link.39812-cvtres.write.1.tlog
C:\ProgramData\Repositories\CastleCrusher\Bin\CastleCrusher\proj.win32\Debug.win32\link.39812-rc.read.1.tlog
C:\ProgramData\Repositories\CastleCrusher\Bin\CastleCrusher\proj.win32\Debug.win32\link.39812-rc.write.1.tlog
C:\ProgramData\Repositories\CastleCrusher\Bin\CastleCrusher\proj.win32\Debug.win32\link.39812.read.1.tlog
C:\ProgramData\Repositories\CastleCrusher\Bin\CastleCrusher\proj.win32\Debug.win32\link.39812.write.1.tlog
C:\ProgramData\Repositories\CastleCrusher\Bin\CastleCrusher\proj.win32\Debug.win32\link.40164-cvtres.read.1.tlog
C:\ProgramData\Repositories\CastleCrusher\Bin\CastleCrusher\proj.win32\Debug.win32\link.40164-cvtres.write.1.tlog
C:\ProgramData\Repositories\CastleCrusher\Bin\CastleCrusher\proj.win32\Debug.win32\link.40164-rc.read.1.tlog
C:\ProgramData\Repositories\CastleCrusher\Bin\CastleCrusher\proj.win32\Debug.win32\link.40164-rc.write.1.tlog
C:\ProgramData\Repositories\CastleCrusher\Bin\CastleCrusher\proj.win32\Debug.win32\link.40164.read.1.tlog
C:\ProgramData\Repositories\CastleCrusher\Bin\CastleCrusher\proj.win32\Debug.win32\link.40164.write.1.tlog
C:\ProgramData\Repositories\CastleCrusher\Bin\CastleCrusher\proj.win32\Debug.win32\link.command.1.tlog
C:\ProgramData\Repositories\CastleCrusher\Bin\CastleCrusher\proj.win32\Debug.win32\link.read.1.tlog
C:\ProgramData\Repositories\CastleCrusher\Bin\CastleCrusher\proj.win32\Debug.win32\link.write.1.tlog
C:\ProgramData\Repositories\CastleCrusher\Bin\CastleCrusher\proj.win32\Debug.win32\rc.command.1.tlog
C:\ProgramData\Repositories\CastleCrusher\Bin\CastleCrusher\proj.win32\Debug.win32\rc.read.1.tlog
C:\ProgramData\Repositories\CastleCrusher\Bin\CastleCrusher\proj.win32\Debug.win32\rc.write.1.tlog
C:\ProgramData\Repositories\CastleCrusher\Bin\CastleCrusher\proj.win32\Debug.win32\game.res
C:\ProgramData\Repositories\CastleCrusher\Bin\CastleCrusher\proj.win32\Debug.win32\vc110.idb
C:\ProgramData\Repositories\CastleCrusher\Bin\CastleCrusher\proj.win32\Debug.win32\CastleCrusher.pdb
C:\ProgramData\Repositories\CastleCrusher\Bin\CastleCrusher\proj.win32\Debug.win32\vc110.pdb
C:\ProgramData\Repositories\CastleCrusher\Bin\CastleCrusher\proj.win32\Debug.win32\CastleCrusher.exe
